<?xml version="1.0" encoding="UTF-8"?>
<testsuite xmlns:xsi="http://www.w3.org/2001/XMLSchema-instance" xsi:noNamespaceSchemaLocation="https://maven.apache.org/surefire/maven-surefire-plugin/xsd/surefire-test-report.xsd" version="3.0.2" name="com.example.demo.GapSpringbootAppApplicationTests" time="3.087" tests="1" errors="0" skipped="0" failures="0">
  <properties>
[...]
</properties>
  <testcase name="contextLoads" classname="com.example.demo.GapSpringbootAppApplicationTests" time="0.922">
    <system-out><![CDATA[14:32:12.064 [main] INFO org.springframework.test.context.support.AnnotationConfigContextLoaderUtils -- Could not detect default configuration classes for test class [com.example.demo.GapSpringbootAppApplicationTests]: GapSpringbootAppApplicationTests does not declare any static, non-private, non-final, nested classes annotated with @Configuration.
14:32:12.208 [main] INFO org.springframework.boot.test.context.SpringBootTestContextBootstrapper -- Found @SpringBootConfiguration com.example.demo.GapSpringbootAppApplication for test class com.example.demo.GapSpringbootAppApplicationTests

  .   ____          _            __ _ _
 /\\ / ___'_ __ _ _(_)_ __  __ _ \ \ \ \
( ( )\___ | '_ | '_| | '_ \/ _` | \ \ \ \
 \\/  ___)| |_)| | | | | || (_| |  ) ) ) )
  '  |____| .__|_| |_|_| |_\__, | / / / /
 =========|_|==============|___/=/_/_/_/

 :: Spring Boot ::                (v3.5.4)

2025-08-12T14:32:12.771+05:30  INFO 11720 --- [gap_springboot_app] [           main] c.e.d.GapSpringbootAppApplicationTests   : Starting GapSpringbootAppApplicationTests using Java 21.0.6 with PID 11720 (started by sesub in D:\Practise\GAP\gap_springboot_app)
2025-08-12T14:32:12.772+05:30  INFO 11720 --- [gap_springboot_app] [           main] c.e.d.GapSpringbootAppApplicationTests   : No active profile set, falling back to 1 default profile: "default"
2025-08-12T14:32:14.043+05:30  INFO 11720 --- [gap_springboot_app] [           main] c.e.d.GapSpringbootAppApplicationTests   : Started GapSpringbootAppApplicationTests in 1.633 seconds (process running for 3.106)
]]></system-out>
    <system-err><![CDATA[Mockito is currently self-attaching to enable the inline-mock-maker. This will no longer work in future releases of the JDK. Please add Mockito as an agent to your build as described in Mockito's documentation: https://javadoc.io/doc/org.mockito/mockito-core/latest/org.mockito/org/mockito/Mockito.html#0.3
WARNING: A Java agent has been loaded dynamically (C:\Users\sesub\.m2\repository\net\bytebuddy\byte-buddy-agent\1.17.6\byte-buddy-agent-1.17.6.jar)
WARNING: If a serviceability tool is in use, please run with -XX:+EnableDynamicAgentLoading to hide this warning
WARNING: If a serviceability tool is not in use, please run with -Djdk.instrument.traceUsage for more information
WARNING: Dynamic loading of agents will be disallowed by default in a future release
]]></system-err>
  </testcase>
</testsuite>